<?xml version='1.1' encoding='UTF-8'?>
<result plugin="junit@1.35">
  <suites>
    <suite>
      <file>/var/lib/jenkins/workspace/02-projet-test/target/surefire-reports/TEST-com.reytech.demo.DemoApplicationTests.xml</file>
      <name>com.reytech.demo.DemoApplicationTests</name>
      <duration>40.383</duration>
      <time>40.383</time>
      <enclosingBlocks/>
      <enclosingBlockNames/>
      <cases>
        <case>
          <duration>2.081</duration>
          <className>com.reytech.demo.DemoApplicationTests</className>
          <testName>testTwo</testName>
          <skipped>false</skipped>
          <failedSince>0</failedSince>
        </case>
        <case>
          <duration>0.028</duration>
          <className>com.reytech.demo.DemoApplicationTests</className>
          <testName>testOne</testName>
          <skipped>false</skipped>
          <failedSince>0</failedSince>
        </case>
      </cases>
    </suite>
    <suite>
      <file>/var/lib/jenkins/workspace/02-projet-test/target/surefire-reports/TEST-com.reytech.demo.StandardAssertionsTest.xml</file>
      <name>com.reytech.demo.StandardAssertionsTest</name>
      <duration>0.207</duration>
      <time>0.207</time>
      <enclosingBlocks/>
      <enclosingBlockNames/>
      <cases>
        <case>
          <duration>0.111</duration>
          <className>com.reytech.demo.StandardAssertionsTest</className>
          <testName>groupedAssertions</testName>
          <skipped>false</skipped>
          <failedSince>0</failedSince>
        </case>
        <case>
          <duration>0.04</duration>
          <className>com.reytech.demo.StandardAssertionsTest</className>
          <testName>standardAssertions</testName>
          <skipped>false</skipped>
          <failedSince>0</failedSince>
        </case>
      </cases>
    </suite>
  </suites>
  <duration>40.59</duration>
  <keepLongStdio>false</keepLongStdio>
</result>