<?xml version='1.1' encoding='UTF-8'?>
<result plugin="junit@1.35">
  <suites>
    <suite>
      <file>/var/lib/jenkins/workspace/projet-test/target/surefire-reports/TEST-com.reytech.demo.DemoApplicationTests.xml</file>
      <name>com.reytech.demo.DemoApplicationTests</name>
      <duration>2.904</duration>
      <time>2.904</time>
      <enclosingBlocks/>
      <enclosingBlockNames/>
      <cases>
        <case>
          <duration>0.147</duration>
          <className>com.reytech.demo.DemoApplicationTests</className>
          <testName>testTwo</testName>
          <skipped>false</skipped>
          <failedSince>0</failedSince>
        </case>
        <case>
          <duration>0.004</duration>
          <className>com.reytech.demo.DemoApplicationTests</className>
          <testName>testOne</testName>
          <skipped>false</skipped>
          <failedSince>0</failedSince>
        </case>
      </cases>
    </suite>
    <suite>
      <file>/var/lib/jenkins/workspace/projet-test/target/surefire-reports/TEST-com.reytech.demo.StandardAssertionsTest.xml</file>
      <name>com.reytech.demo.StandardAssertionsTest</name>
      <duration>0.037</duration>
      <time>0.037</time>
      <enclosingBlocks/>
      <enclosingBlockNames/>
      <cases>
        <case>
          <duration>0.008</duration>
          <className>com.reytech.demo.StandardAssertionsTest</className>
          <testName>groupedAssertions</testName>
          <skipped>false</skipped>
          <failedSince>0</failedSince>
        </case>
        <case>
          <duration>0.006</duration>
          <className>com.reytech.demo.StandardAssertionsTest</className>
          <testName>standardAssertions</testName>
          <skipped>false</skipped>
          <failedSince>0</failedSince>
        </case>
      </cases>
    </suite>
  </suites>
  <duration>2.941</duration>
  <keepLongStdio>false</keepLongStdio>
</result>