<?xml version='1.1' encoding='UTF-8'?>
<result plugin="junit@1.35">
  <suites>
    <suite>
      <file>/var/lib/jenkins/workspace/06-projet-verify/target/surefire-reports/TEST-me.arndc.example.testing.automation.SeleniumTest.xml</file>
      <name>me.arndc.example.testing.automation.SeleniumTest</name>
      <duration>17.946</duration>
      <time>17.946</time>
      <enclosingBlocks/>
      <enclosingBlockNames/>
      <cases>
        <case>
          <duration>4.881</duration>
          <className>me.arndc.example.testing.automation.SeleniumTest</className>
          <testName>test</testName>
          <skipped>false</skipped>
          <failedSince>0</failedSince>
        </case>
      </cases>
    </suite>
  </suites>
  <duration>17.946</duration>
  <keepLongStdio>false</keepLongStdio>
</result>