<?xml version='1.1' encoding='UTF-8'?>
<result plugin="junit@1.35">
  <suites>
    <suite>
      <file>/var/lib/jenkins/workspace/pipeline-as-a-code/target/surefire-reports/TEST-com.reytech.demo.DemoApplicationTests.xml</file>
      <name>com.reytech.demo.DemoApplicationTests</name>
      <duration>11.113</duration>
      <time>11.113</time>
      <nodeId>52</nodeId>
      <enclosingBlocks>
        <string>45</string>
      </enclosingBlocks>
      <enclosingBlockNames>
        <string>Test</string>
      </enclosingBlockNames>
      <cases>
        <case>
          <duration>0.376</duration>
          <className>com.reytech.demo.DemoApplicationTests</className>
          <testName>testTwo</testName>
          <skipped>false</skipped>
          <failedSince>0</failedSince>
        </case>
        <case>
          <duration>0.011</duration>
          <className>com.reytech.demo.DemoApplicationTests</className>
          <testName>testOne</testName>
          <skipped>false</skipped>
          <failedSince>0</failedSince>
        </case>
      </cases>
    </suite>
    <suite>
      <file>/var/lib/jenkins/workspace/pipeline-as-a-code/target/surefire-reports/TEST-com.reytech.demo.StandardAssertionsTest.xml</file>
      <name>com.reytech.demo.StandardAssertionsTest</name>
      <duration>0.055</duration>
      <time>0.055</time>
      <nodeId>52</nodeId>
      <enclosingBlocks>
        <string>45</string>
      </enclosingBlocks>
      <enclosingBlockNames>
        <string>Test</string>
      </enclosingBlockNames>
      <cases>
        <case>
          <duration>0.019</duration>
          <className>com.reytech.demo.StandardAssertionsTest</className>
          <testName>groupedAssertions</testName>
          <skipped>false</skipped>
          <failedSince>0</failedSince>
        </case>
        <case>
          <duration>0.018</duration>
          <className>com.reytech.demo.StandardAssertionsTest</className>
          <testName>standardAssertions</testName>
          <skipped>false</skipped>
          <failedSince>0</failedSince>
        </case>
      </cases>
    </suite>
  </suites>
  <duration>11.168</duration>
  <keepLongStdio>false</keepLongStdio>
</result>